<?xml version="1.0" encoding="UTF-8"?>
<!-- Generated by org.testng.reporters.JUnitReportReporter -->
<testsuite hostname="Barath" failures="0" tests="2" name="com.example.flipkarttest" time="106.847" errors="0" timestamp="2022-10-18T22:15:48 IST" skipped="0">
  <testcase classname="com.example.flipkarttest" name="chrome" time="55.825"/>
  <system-out/>
  <testcase classname="com.example.flipkarttest" name="edge" time="51.022"/>
  <system-out/>
</testsuite> <!-- com.example.flipkarttest -->
